TN:
SF:src/components/DebateSummaryModal.tsx
FN:17,(anonymous_0)
FN:22,(anonymous_1)
FN:43,(anonymous_2)
FN:97,(anonymous_3)
FN:105,(anonymous_4)
FN:113,(anonymous_5)
FNF:6
FNH:6
FNDA:22,(anonymous_0)
FNDA:11,(anonymous_1)
FNDA:11,(anonymous_2)
FNDA:12,(anonymous_3)
FNDA:12,(anonymous_4)
FNDA:6,(anonymous_5)
DA:3,1
DA:17,1
DA:18,22
DA:19,22
DA:20,22
DA:22,22
DA:23,11
DA:24,11
DA:25,11
DA:26,11
DA:27,11
DA:30,8
DA:31,8
DA:32,3
DA:33,3
DA:35,5
DA:37,1
DA:39,9
DA:43,22
DA:44,11
DA:45,10
DA:49,22
DA:51,21
DA:98,12
DA:106,12
DA:114,6
LF:26
LH:26
BRDA:3,0,0,1
BRDA:3,0,1,0
BRDA:31,1,0,3
BRDA:31,1,1,5
BRDA:32,2,0,3
BRDA:32,2,1,0
BRDA:44,3,0,10
BRDA:44,3,1,1
BRDA:49,4,0,1
BRDA:49,4,1,21
BRDA:71,5,0,21
BRDA:71,5,1,11
BRDA:77,6,0,22
BRDA:77,6,1,4
BRDA:92,7,0,22
BRDA:92,7,1,10
BRDA:92,7,2,6
BRDA:92,7,3,6
BRF:18
BRH:16
end_of_record
TN:
SF:src/services/threadService.ts
FN:5,(anonymous_0)
FN:12,(anonymous_1)
FN:20,(anonymous_2)
FN:31,(anonymous_3)
FN:45,(anonymous_4)
FNF:5
FNH:5
FNDA:4,(anonymous_0)
FNDA:4,(anonymous_1)
FNDA:5,(anonymous_2)
FNDA:4,(anonymous_3)
FNDA:4,(anonymous_4)
DA:3,1
DA:5,1
DA:6,4
DA:7,4
DA:8,3
DA:12,1
DA:13,4
DA:16,4
DA:17,3
DA:20,1
DA:21,5
DA:26,5
DA:27,5
DA:28,3
DA:31,1
DA:35,4
DA:40,4
DA:41,4
DA:42,3
DA:45,1
DA:46,4
DA:49,4
DA:50,1
LF:23
LH:23
BRDA:3,0,0,1
BRDA:3,0,1,0
BRDA:7,1,0,1
BRDA:7,1,1,3
BRDA:16,2,0,1
BRDA:16,2,1,3
BRDA:27,3,0,2
BRDA:27,3,1,3
BRDA:27,4,0,2
BRDA:27,4,1,1
BRDA:41,5,0,1
BRDA:41,5,1,3
BRDA:41,6,0,1
BRDA:41,6,1,0
BRDA:49,7,0,1
BRDA:49,7,1,3
BRDA:49,8,0,4
BRDA:49,8,1,2
BRF:18
BRH:16
end_of_record
