{"/Users/aryanmodi/Desktop/NJIT/Spring 2026/CS485/Term Project/CS485-Term-Project/backend/src/modules/ai/ai.service.ts": {"path":"/Users/aryanmodi/Desktop/NJIT/Spring 2026/CS485/Term Project/CS485-Term-Project/backend/src/modules/ai/ai.service.ts","statementMap":{"0":{"start":{"line":1,"column":0},"end":{"line":1,"column":59}},"1":{"start":{"line":4,"column":14},"end":{"line":4,"column":70}},"2":{"start":{"line":5,"column":14},"end":{"line":5,"column":69}},"3":{"start":{"line":13,"column":19},"end":{"line":16,"column":11}},"4":{"start":{"line":17,"column":16},"end":{"line":17,"column":51}},"5":{"start":{"line":18,"column":2},"end":{"line":18,"column":77}},"6":{"start":{"line":18,"column":14},"end":{"line":18,"column":77}},"7":{"start":{"line":19,"column":2},"end":{"line":19,"column":30}},"8":{"start":{"line":28,"column":17},"end":{"line":28,"column":33}},"9":{"start":{"line":29,"column":2},"end":{"line":48,"column":3}},"10":{"start":{"line":29,"column":21},"end":{"line":29,"column":22}},"11":{"start":{"line":30,"column":4},"end":{"line":47,"column":5}},"12":{"start":{"line":31,"column":6},"end":{"line":31,"column":24}},"13":{"start":{"line":33,"column":19},"end":{"line":33,"column":46}},"14":{"start":{"line":34,"column":26},"end":{"line":34,"column":84}},"15":{"start":{"line":36,"column":27},"end":{"line":36,"column":63}},"16":{"start":{"line":37,"column":6},"end":{"line":46,"column":7}},"17":{"start":{"line":38,"column":23},"end":{"line":38,"column":52}},"18":{"start":{"line":39,"column":8},"end":{"line":39,"column":107}},"19":{"start":{"line":40,"column":8},"end":{"line":40,"column":56}},"20":{"start":{"line":40,"column":33},"end":{"line":40,"column":54}},"21":{"start":{"line":42,"column":8},"end":{"line":44,"column":9}},"22":{"start":{"line":43,"column":10},"end":{"line":43,"column":108}},"23":{"start":{"line":45,"column":8},"end":{"line":45,"column":18}},"24":{"start":{"line":49,"column":2},"end":{"line":49,"column":42}},"25":{"start":{"line":64,"column":4},"end":{"line":64,"column":41}},"26":{"start":{"line":64,"column":31},"end":{"line":64,"column":41}},"27":{"start":{"line":66,"column":18},"end":{"line":68,"column":22}},"28":{"start":{"line":67,"column":21},"end":{"line":67,"column":85}},"29":{"start":{"line":70,"column":19},"end":{"line":78,"column":75}},"30":{"start":{"line":80,"column":19},"end":{"line":83,"column":6}},"31":{"start":{"line":81,"column":21},"end":{"line":81,"column":56}},"32":{"start":{"line":82,"column":6},"end":{"line":82,"column":49}},"33":{"start":{"line":85,"column":16},"end":{"line":85,"column":93}},"34":{"start":{"line":86,"column":4},"end":{"line":86,"column":80}},"35":{"start":{"line":86,"column":29},"end":{"line":86,"column":80}},"36":{"start":{"line":88,"column":4},"end":{"line":100,"column":7}},"37":{"start":{"line":89,"column":19},"end":{"line":89,"column":57}},"38":{"start":{"line":89,"column":35},"end":{"line":89,"column":56}},"39":{"start":{"line":90,"column":6},"end":{"line":90,"column":81}},"40":{"start":{"line":90,"column":17},"end":{"line":90,"column":81}},"41":{"start":{"line":91,"column":20},"end":{"line":93,"column":51}},"42":{"start":{"line":94,"column":6},"end":{"line":99,"column":8}},"43":{"start":{"line":105,"column":20},"end":{"line":105,"column":57}},"44":{"start":{"line":106,"column":4},"end":{"line":106,"column":22}},"45":{"start":{"line":114,"column":21},"end":{"line":117,"column":17}},"46":{"start":{"line":116,"column":21},"end":{"line":116,"column":74}},"47":{"start":{"line":119,"column":19},"end":{"line":127,"column":67}},"48":{"start":{"line":130,"column":19},"end":{"line":133,"column":6}},"49":{"start":{"line":131,"column":21},"end":{"line":131,"column":56}},"50":{"start":{"line":132,"column":6},"end":{"line":132,"column":49}},"51":{"start":{"line":135,"column":17},"end":{"line":135,"column":53}},"52":{"start":{"line":136,"column":4},"end":{"line":143,"column":6}},"53":{"start":{"line":56,"column":0},"end":{"line":56,"column":13}}},"fnMap":{"0":{"name":"extractJson","decl":{"start":{"line":12,"column":9},"end":{"line":12,"column":20}},"loc":{"start":{"line":12,"column":33},"end":{"line":20,"column":1}}},"1":{"name":"withRetry","decl":{"start":{"line":27,"column":15},"end":{"line":27,"column":24}},"loc":{"start":{"line":27,"column":64},"end":{"line":50,"column":1}}},"2":{"name":"(anonymous_2)","decl":{"start":{"line":40,"column":26},"end":{"line":40,"column":27}},"loc":{"start":{"line":40,"column":33},"end":{"line":40,"column":54}}},"3":{"name":"(anonymous_3)","decl":{"start":{"line":63,"column":2},"end":{"line":63,"column":7}},"loc":{"start":{"line":63,"column":42},"end":{"line":101,"column":3}}},"4":{"name":"(anonymous_4)","decl":{"start":{"line":67,"column":11},"end":{"line":67,"column":12}},"loc":{"start":{"line":67,"column":21},"end":{"line":67,"column":85}}},"5":{"name":"(anonymous_5)","decl":{"start":{"line":80,"column":35},"end":{"line":80,"column":40}},"loc":{"start":{"line":80,"column":46},"end":{"line":83,"column":5}}},"6":{"name":"(anonymous_6)","decl":{"start":{"line":88,"column":24},"end":{"line":88,"column":25}},"loc":{"start":{"line":88,"column":33},"end":{"line":100,"column":5}}},"7":{"name":"(anonymous_7)","decl":{"start":{"line":89,"column":28},"end":{"line":89,"column":29}},"loc":{"start":{"line":89,"column":35},"end":{"line":89,"column":56}}},"8":{"name":"(anonymous_8)","decl":{"start":{"line":104,"column":2},"end":{"line":104,"column":7}},"loc":{"start":{"line":104,"column":38},"end":{"line":107,"column":3}}},"9":{"name":"(anonymous_9)","decl":{"start":{"line":113,"column":2},"end":{"line":113,"column":7}},"loc":{"start":{"line":113,"column":48},"end":{"line":144,"column":3}}},"10":{"name":"(anonymous_10)","decl":{"start":{"line":116,"column":11},"end":{"line":116,"column":12}},"loc":{"start":{"line":116,"column":21},"end":{"line":116,"column":74}}},"11":{"name":"(anonymous_11)","decl":{"start":{"line":130,"column":35},"end":{"line":130,"column":40}},"loc":{"start":{"line":130,"column":46},"end":{"line":133,"column":5}}}},"branchMap":{"0":{"loc":{"start":{"line":4,"column":37},"end":{"line":4,"column":69}},"type":"binary-expr","locations":[{"start":{"line":4,"column":37},"end":{"line":4,"column":63}},{"start":{"line":4,"column":67},"end":{"line":4,"column":69}}]},"1":{"loc":{"start":{"line":18,"column":2},"end":{"line":18,"column":77}},"type":"if","locations":[{"start":{"line":18,"column":2},"end":{"line":18,"column":77}}]},"2":{"loc":{"start":{"line":27,"column":50},"end":{"line":27,"column":64}},"type":"default-arg","locations":[{"start":{"line":27,"column":63},"end":{"line":27,"column":64}}]},"3":{"loc":{"start":{"line":33,"column":19},"end":{"line":33,"column":46}},"type":"binary-expr","locations":[{"start":{"line":33,"column":19},"end":{"line":33,"column":40}},{"start":{"line":33,"column":44},"end":{"line":33,"column":46}}]},"4":{"loc":{"start":{"line":34,"column":26},"end":{"line":34,"column":84}},"type":"binary-expr","locations":[{"start":{"line":34,"column":26},"end":{"line":34,"column":45}},{"start":{"line":34,"column":49},"end":{"line":34,"column":84}}]},"5":{"loc":{"start":{"line":37,"column":6},"end":{"line":46,"column":7}},"type":"if","locations":[{"start":{"line":37,"column":6},"end":{"line":46,"column":7}},{"start":{"line":41,"column":13},"end":{"line":46,"column":7}}]},"6":{"loc":{"start":{"line":37,"column":10},"end":{"line":37,"column":62}},"type":"binary-expr","locations":[{"start":{"line":37,"column":10},"end":{"line":37,"column":21}},{"start":{"line":37,"column":25},"end":{"line":37,"column":38}},{"start":{"line":37,"column":42},"end":{"line":37,"column":62}}]},"7":{"loc":{"start":{"line":38,"column":23},"end":{"line":38,"column":52}},"type":"binary-expr","locations":[{"start":{"line":38,"column":23},"end":{"line":38,"column":42}},{"start":{"line":38,"column":46},"end":{"line":38,"column":52}}]},"8":{"loc":{"start":{"line":42,"column":8},"end":{"line":44,"column":9}},"type":"if","locations":[{"start":{"line":42,"column":8},"end":{"line":44,"column":9}}]},"9":{"loc":{"start":{"line":64,"column":4},"end":{"line":64,"column":41}},"type":"if","locations":[{"start":{"line":64,"column":4},"end":{"line":64,"column":41}}]},"10":{"loc":{"start":{"line":86,"column":4},"end":{"line":86,"column":80}},"type":"if","locations":[{"start":{"line":86,"column":4},"end":{"line":86,"column":80}}]},"11":{"loc":{"start":{"line":90,"column":6},"end":{"line":90,"column":81}},"type":"if","locations":[{"start":{"line":90,"column":6},"end":{"line":90,"column":81}}]},"12":{"loc":{"start":{"line":91,"column":20},"end":{"line":93,"column":51}},"type":"cond-expr","locations":[{"start":{"line":92,"column":10},"end":{"line":92,"column":29}},{"start":{"line":93,"column":10},"end":{"line":93,"column":51}}]},"13":{"loc":{"start":{"line":95,"column":61},"end":{"line":95,"column":86}},"type":"cond-expr","locations":[{"start":{"line":95,"column":76},"end":{"line":95,"column":78}},{"start":{"line":95,"column":81},"end":{"line":95,"column":86}}]},"14":{"loc":{"start":{"line":96,"column":17},"end":{"line":98,"column":35}},"type":"cond-expr","locations":[{"start":{"line":97,"column":12},"end":{"line":97,"column":31}},{"start":{"line":98,"column":12},"end":{"line":98,"column":35}}]},"15":{"loc":{"start":{"line":96,"column":17},"end":{"line":96,"column":72}},"type":"binary-expr","locations":[{"start":{"line":96,"column":17},"end":{"line":96,"column":49}},{"start":{"line":96,"column":53},"end":{"line":96,"column":72}}]},"16":{"loc":{"start":{"line":137,"column":21},"end":{"line":138,"column":72}},"type":"cond-expr","locations":[{"start":{"line":138,"column":10},"end":{"line":138,"column":28}},{"start":{"line":138,"column":31},"end":{"line":138,"column":72}}]},"17":{"loc":{"start":{"line":137,"column":21},"end":{"line":137,"column":83}},"type":"binary-expr","locations":[{"start":{"line":137,"column":21},"end":{"line":137,"column":54}},{"start":{"line":137,"column":58},"end":{"line":137,"column":83}}]},"18":{"loc":{"start":{"line":139,"column":26},"end":{"line":140,"column":76}},"type":"cond-expr","locations":[{"start":{"line":140,"column":10},"end":{"line":140,"column":33}},{"start":{"line":140,"column":36},"end":{"line":140,"column":76}}]},"19":{"loc":{"start":{"line":139,"column":26},"end":{"line":139,"column":98}},"type":"binary-expr","locations":[{"start":{"line":139,"column":26},"end":{"line":139,"column":64}},{"start":{"line":139,"column":68},"end":{"line":139,"column":98}}]},"20":{"loc":{"start":{"line":141,"column":27},"end":{"line":142,"column":78}},"type":"cond-expr","locations":[{"start":{"line":142,"column":10},"end":{"line":142,"column":34}},{"start":{"line":142,"column":37},"end":{"line":142,"column":78}}]},"21":{"loc":{"start":{"line":141,"column":27},"end":{"line":141,"column":101}},"type":"binary-expr","locations":[{"start":{"line":141,"column":27},"end":{"line":141,"column":66}},{"start":{"line":141,"column":70},"end":{"line":141,"column":101}}]}},"s":{"0":2,"1":2,"2":2,"3":22,"4":22,"5":22,"6":0,"7":22,"8":22,"9":22,"10":22,"11":22,"12":22,"13":0,"14":0,"15":0,"16":0,"17":0,"18":0,"19":0,"20":0,"21":0,"22":0,"23":0,"24":0,"25":11,"26":1,"27":10,"28":11,"29":10,"30":10,"31":10,"32":10,"33":10,"34":10,"35":0,"36":10,"37":11,"38":11,"39":11,"40":1,"41":10,"42":10,"43":6,"44":6,"45":12,"46":12,"47":12,"48":12,"49":12,"50":12,"51":12,"52":12,"53":2},"f":{"0":22,"1":22,"2":0,"3":11,"4":11,"5":10,"6":11,"7":11,"8":6,"9":12,"10":12,"11":12},"b":{"0":[2,2],"1":[0],"2":[22],"3":[0,0],"4":[0,0],"5":[0,0],"6":[0,0,0],"7":[0,0],"8":[0],"9":[1],"10":[0],"11":[1],"12":[10,0],"13":[0,10],"14":[10,0],"15":[10,10],"16":[12,0],"17":[12,12],"18":[12,0],"19":[12,12],"20":[12,0],"21":[12,12]}}
,"/Users/aryanmodi/Desktop/NJIT/Spring 2026/CS485/Term Project/CS485-Term-Project/backend/src/modules/comments/comment.service.ts": {"path":"/Users/aryanmodi/Desktop/NJIT/Spring 2026/CS485/Term Project/CS485-Term-Project/backend/src/modules/comments/comment.service.ts","statementMap":{"0":{"start":{"line":14,"column":0},"end":{"line":14,"column":43}},"1":{"start":{"line":19,"column":26},"end":{"line":19,"column":29}},"2":{"start":{"line":26,"column":4},"end":{"line":26,"column":22}},"3":{"start":{"line":27,"column":4},"end":{"line":27,"column":18}},"4":{"start":{"line":32,"column":4},"end":{"line":32,"column":41}},"5":{"start":{"line":40,"column":23},"end":{"line":40,"column":64}},"6":{"start":{"line":41,"column":4},"end":{"line":41,"column":40}},"7":{"start":{"line":41,"column":33},"end":{"line":41,"column":40}},"8":{"start":{"line":44,"column":21},"end":{"line":44,"column":85}},"9":{"start":{"line":44,"column":74},"end":{"line":44,"column":83}},"10":{"start":{"line":45,"column":4},"end":{"line":47,"column":5}},"11":{"start":{"line":45,"column":17},"end":{"line":45,"column":18}},"12":{"start":{"line":46,"column":6},"end":{"line":46,"column":103}},"13":{"start":{"line":62,"column":21},"end":{"line":62,"column":50}},"14":{"start":{"line":65,"column":4},"end":{"line":72,"column":5}},"15":{"start":{"line":66,"column":21},"end":{"line":66,"column":46}},"16":{"start":{"line":67,"column":6},"end":{"line":69,"column":7}},"17":{"start":{"line":68,"column":8},"end":{"line":68,"column":47}},"18":{"start":{"line":75,"column":21},"end":{"line":75,"column":62}},"19":{"start":{"line":78,"column":26},"end":{"line":78,"column":61}},"20":{"start":{"line":78,"column":47},"end":{"line":78,"column":60}},"21":{"start":{"line":79,"column":4},"end":{"line":93,"column":5}},"22":{"start":{"line":80,"column":6},"end":{"line":85,"column":9}},"23":{"start":{"line":81,"column":8},"end":{"line":84,"column":10}},"24":{"start":{"line":88,"column":6},"end":{"line":92,"column":7}},"25":{"start":{"line":89,"column":8},"end":{"line":89,"column":81}},"26":{"start":{"line":95,"column":4},"end":{"line":95,"column":20}},"27":{"start":{"line":100,"column":4},"end":{"line":104,"column":5}},"28":{"start":{"line":101,"column":6},"end":{"line":101,"column":53}},"29":{"start":{"line":21,"column":0},"end":{"line":21,"column":13}}},"fnMap":{"0":{"name":"(anonymous_0)","decl":{"start":{"line":25,"column":2},"end":{"line":25,"column":14}},"loc":{"start":{"line":25,"column":52},"end":{"line":28,"column":3}}},"1":{"name":"(anonymous_1)","decl":{"start":{"line":31,"column":10},"end":{"line":31,"column":24}},"loc":{"start":{"line":31,"column":41},"end":{"line":33,"column":3}}},"2":{"name":"(anonymous_2)","decl":{"start":{"line":39,"column":10},"end":{"line":39,"column":15}},"loc":{"start":{"line":39,"column":52},"end":{"line":48,"column":3}}},"3":{"name":"(anonymous_3)","decl":{"start":{"line":44,"column":67},"end":{"line":44,"column":68}},"loc":{"start":{"line":44,"column":74},"end":{"line":44,"column":83}}},"4":{"name":"(anonymous_4)","decl":{"start":{"line":61,"column":2},"end":{"line":61,"column":7}},"loc":{"start":{"line":61,"column":44},"end":{"line":96,"column":3}}},"5":{"name":"(anonymous_5)","decl":{"start":{"line":78,"column":40},"end":{"line":78,"column":41}},"loc":{"start":{"line":78,"column":47},"end":{"line":78,"column":60}}},"6":{"name":"(anonymous_6)","decl":{"start":{"line":80,"column":52},"end":{"line":80,"column":53}},"loc":{"start":{"line":80,"column":60},"end":{"line":85,"column":7}}},"7":{"name":"(anonymous_7)","decl":{"start":{"line":99,"column":2},"end":{"line":99,"column":7}},"loc":{"start":{"line":99,"column":40},"end":{"line":105,"column":3}}}},"branchMap":{"0":{"loc":{"start":{"line":41,"column":4},"end":{"line":41,"column":40}},"type":"if","locations":[{"start":{"line":41,"column":4},"end":{"line":41,"column":40}}]},"1":{"loc":{"start":{"line":67,"column":6},"end":{"line":69,"column":7}},"type":"if","locations":[{"start":{"line":67,"column":6},"end":{"line":69,"column":7}}]},"2":{"loc":{"start":{"line":79,"column":4},"end":{"line":93,"column":5}},"type":"if","locations":[{"start":{"line":79,"column":4},"end":{"line":93,"column":5}},{"start":{"line":86,"column":11},"end":{"line":93,"column":5}}]}},"s":{"0":1,"1":1,"2":12,"3":12,"4":12,"5":3,"6":3,"7":0,"8":3,"9":3,"10":3,"11":3,"12":3,"13":10,"14":10,"15":10,"16":10,"17":1,"18":9,"19":9,"20":9,"21":9,"22":3,"23":0,"24":6,"25":6,"26":9,"27":2,"28":2,"29":1},"f":{"0":12,"1":12,"2":3,"3":3,"4":10,"5":9,"6":0,"7":2},"b":{"0":[0],"1":[1],"2":[3,6]}}
,"/Users/aryanmodi/Desktop/NJIT/Spring 2026/CS485/Term Project/CS485-Term-Project/backend/src/modules/summary/summary.service.ts": {"path":"/Users/aryanmodi/Desktop/NJIT/Spring 2026/CS485/Term Project/CS485-Term-Project/backend/src/modules/summary/summary.service.ts","statementMap":{"0":{"start":{"line":14,"column":0},"end":{"line":14,"column":43}},"1":{"start":{"line":20,"column":26},"end":{"line":20,"column":29}},"2":{"start":{"line":32,"column":4},"end":{"line":32,"column":22}},"3":{"start":{"line":33,"column":4},"end":{"line":33,"column":36}},"4":{"start":{"line":34,"column":4},"end":{"line":34,"column":18}},"5":{"start":{"line":38,"column":4},"end":{"line":38,"column":40}},"6":{"start":{"line":47,"column":21},"end":{"line":47,"column":50}},"7":{"start":{"line":50,"column":4},"end":{"line":57,"column":5}},"8":{"start":{"line":51,"column":21},"end":{"line":51,"column":46}},"9":{"start":{"line":52,"column":6},"end":{"line":54,"column":7}},"10":{"start":{"line":53,"column":8},"end":{"line":53,"column":51}},"11":{"start":{"line":60,"column":21},"end":{"line":60,"column":62}},"12":{"start":{"line":61,"column":4},"end":{"line":68,"column":5}},"13":{"start":{"line":62,"column":6},"end":{"line":66,"column":7}},"14":{"start":{"line":63,"column":8},"end":{"line":63,"column":81}},"15":{"start":{"line":67,"column":6},"end":{"line":67,"column":22}},"16":{"start":{"line":71,"column":4},"end":{"line":71,"column":56}},"17":{"start":{"line":80,"column":21},"end":{"line":80,"column":50}},"18":{"start":{"line":81,"column":4},"end":{"line":85,"column":5}},"19":{"start":{"line":82,"column":6},"end":{"line":82,"column":32}},"20":{"start":{"line":86,"column":4},"end":{"line":86,"column":56}},"21":{"start":{"line":93,"column":21},"end":{"line":93,"column":69}},"22":{"start":{"line":94,"column":18},"end":{"line":94,"column":48}},"23":{"start":{"line":94,"column":38},"end":{"line":94,"column":47}},"24":{"start":{"line":96,"column":19},"end":{"line":96,"column":62}},"25":{"start":{"line":97,"column":20},"end":{"line":101,"column":null}},"26":{"start":{"line":104,"column":4},"end":{"line":108,"column":5}},"27":{"start":{"line":105,"column":6},"end":{"line":105,"column":78}},"28":{"start":{"line":110,"column":4},"end":{"line":110,"column":19}},"29":{"start":{"line":22,"column":0},"end":{"line":22,"column":13}}},"fnMap":{"0":{"name":"(anonymous_0)","decl":{"start":{"line":27,"column":2},"end":{"line":27,"column":null}},"loc":{"start":{"line":30,"column":17},"end":{"line":35,"column":3}}},"1":{"name":"(anonymous_1)","decl":{"start":{"line":37,"column":10},"end":{"line":37,"column":24}},"loc":{"start":{"line":37,"column":41},"end":{"line":39,"column":3}}},"2":{"name":"(anonymous_2)","decl":{"start":{"line":46,"column":2},"end":{"line":46,"column":7}},"loc":{"start":{"line":46,"column":35},"end":{"line":72,"column":3}}},"3":{"name":"(anonymous_3)","decl":{"start":{"line":79,"column":2},"end":{"line":79,"column":7}},"loc":{"start":{"line":79,"column":42},"end":{"line":87,"column":3}}},"4":{"name":"(anonymous_4)","decl":{"start":{"line":89,"column":10},"end":{"line":89,"column":15}},"loc":{"start":{"line":91,"column":20},"end":{"line":111,"column":3}}},"5":{"name":"(anonymous_5)","decl":{"start":{"line":94,"column":31},"end":{"line":94,"column":32}},"loc":{"start":{"line":94,"column":38},"end":{"line":94,"column":47}}}},"branchMap":{"0":{"loc":{"start":{"line":52,"column":6},"end":{"line":54,"column":7}},"type":"if","locations":[{"start":{"line":52,"column":6},"end":{"line":54,"column":7}}]},"1":{"loc":{"start":{"line":61,"column":4},"end":{"line":68,"column":5}},"type":"if","locations":[{"start":{"line":61,"column":4},"end":{"line":68,"column":5}}]}},"s":{"0":1,"1":1,"2":14,"3":14,"4":14,"5":13,"6":10,"7":10,"8":10,"9":10,"10":1,"11":9,"12":9,"13":2,"14":2,"15":2,"16":7,"17":3,"18":3,"19":3,"20":3,"21":10,"22":10,"23":10,"24":10,"25":9,"26":9,"27":9,"28":9,"29":1},"f":{"0":14,"1":13,"2":10,"3":3,"4":10,"5":10},"b":{"0":[1],"1":[2]}}
}
