TN:
SF:src/modules/ai/ai.service.ts
FN:12,extractJson
FN:27,withRetry
FN:40,(anonymous_2)
FN:63,(anonymous_3)
FN:67,(anonymous_4)
FN:80,(anonymous_5)
FN:88,(anonymous_6)
FN:89,(anonymous_7)
FN:104,(anonymous_8)
FN:113,(anonymous_9)
FN:116,(anonymous_10)
FN:130,(anonymous_11)
FNF:12
FNH:11
FNDA:22,extractJson
FNDA:22,withRetry
FNDA:0,(anonymous_2)
FNDA:11,(anonymous_3)
FNDA:11,(anonymous_4)
FNDA:10,(anonymous_5)
FNDA:11,(anonymous_6)
FNDA:11,(anonymous_7)
FNDA:6,(anonymous_8)
FNDA:12,(anonymous_9)
FNDA:12,(anonymous_10)
FNDA:12,(anonymous_11)
DA:1,2
DA:4,2
DA:5,2
DA:13,22
DA:17,22
DA:18,22
DA:19,22
DA:28,22
DA:29,22
DA:30,22
DA:31,22
DA:33,0
DA:34,0
DA:36,0
DA:37,0
DA:38,0
DA:39,0
DA:40,0
DA:42,0
DA:43,0
DA:45,0
DA:49,0
DA:56,2
DA:64,11
DA:66,10
DA:67,11
DA:70,10
DA:80,10
DA:81,10
DA:82,10
DA:85,10
DA:86,10
DA:88,10
DA:89,11
DA:90,11
DA:91,10
DA:94,10
DA:105,6
DA:106,6
DA:114,12
DA:116,12
DA:119,12
DA:130,12
DA:131,12
DA:132,12
DA:135,12
DA:136,12
LF:47
LH:36
BRDA:4,0,0,2
BRDA:4,0,1,2
BRDA:18,1,0,0
BRDA:27,2,0,22
BRDA:33,3,0,0
BRDA:33,3,1,0
BRDA:34,4,0,0
BRDA:34,4,1,0
BRDA:37,5,0,0
BRDA:37,5,1,0
BRDA:37,6,0,0
BRDA:37,6,1,0
BRDA:37,6,2,0
BRDA:38,7,0,0
BRDA:38,7,1,0
BRDA:42,8,0,0
BRDA:64,9,0,1
BRDA:86,10,0,0
BRDA:90,11,0,1
BRDA:91,12,0,10
BRDA:91,12,1,0
BRDA:95,13,0,0
BRDA:95,13,1,10
BRDA:96,14,0,10
BRDA:96,14,1,0
BRDA:96,15,0,10
BRDA:96,15,1,10
BRDA:137,16,0,12
BRDA:137,16,1,0
BRDA:137,17,0,12
BRDA:137,17,1,12
BRDA:139,18,0,12
BRDA:139,18,1,0
BRDA:139,19,0,12
BRDA:139,19,1,12
BRDA:141,20,0,12
BRDA:141,20,1,0
BRDA:141,21,0,12
BRDA:141,21,1,12
BRF:39
BRH:19
end_of_record
TN:
SF:src/modules/comments/comment.service.ts
FN:25,(anonymous_0)
FN:31,(anonymous_1)
FN:39,(anonymous_2)
FN:44,(anonymous_3)
FN:61,(anonymous_4)
FN:78,(anonymous_5)
FN:80,(anonymous_6)
FN:99,(anonymous_7)
FNF:8
FNH:7
FNDA:12,(anonymous_0)
FNDA:12,(anonymous_1)
FNDA:3,(anonymous_2)
FNDA:3,(anonymous_3)
FNDA:10,(anonymous_4)
FNDA:9,(anonymous_5)
FNDA:0,(anonymous_6)
FNDA:2,(anonymous_7)
DA:14,1
DA:19,1
DA:21,1
DA:26,12
DA:27,12
DA:32,12
DA:40,3
DA:41,3
DA:44,3
DA:45,3
DA:46,3
DA:62,10
DA:65,10
DA:66,10
DA:67,10
DA:68,1
DA:75,9
DA:78,9
DA:79,9
DA:80,3
DA:81,0
DA:88,6
DA:89,6
DA:95,9
DA:100,2
DA:101,2
LF:26
LH:25
BRDA:41,0,0,0
BRDA:67,1,0,1
BRDA:79,2,0,3
BRDA:79,2,1,6
BRF:4
BRH:3
end_of_record
TN:
SF:src/modules/summary/summary.service.ts
FN:27,(anonymous_0)
FN:37,(anonymous_1)
FN:46,(anonymous_2)
FN:79,(anonymous_3)
FN:89,(anonymous_4)
FN:94,(anonymous_5)
FNF:6
FNH:6
FNDA:14,(anonymous_0)
FNDA:13,(anonymous_1)
FNDA:10,(anonymous_2)
FNDA:3,(anonymous_3)
FNDA:10,(anonymous_4)
FNDA:10,(anonymous_5)
DA:14,1
DA:20,1
DA:22,1
DA:32,14
DA:33,14
DA:34,14
DA:38,13
DA:47,10
DA:50,10
DA:51,10
DA:52,10
DA:53,1
DA:60,9
DA:61,9
DA:62,2
DA:63,2
DA:67,2
DA:71,7
DA:80,3
DA:81,3
DA:82,3
DA:86,3
DA:93,10
DA:94,10
DA:96,10
DA:97,9
DA:104,9
DA:105,9
DA:110,9
LF:29
LH:29
BRDA:52,0,0,1
BRDA:61,1,0,2
BRF:2
BRH:2
end_of_record
